[25May2025 00:02:12.135] [Server thread/WARN] [net.minecraft.server.level.ServerPlayerGameMode/]: Mismatch in destroy block pos: BlockPos{x=6727, y=57, z=-320} BlockPos{x=6727, y=56, z=-320}
[25May2025 00:02:16.922] [Server thread/WARN] [net.minecraft.server.level.ServerPlayerGameMode/]: Mismatch in destroy block pos: BlockPos{x=6725, y=55, z=-316} BlockPos{x=6725, y=56, z=-316}
[25May2025 00:02:20.078] [Server thread/WARN] [net.minecraft.server.level.ServerPlayerGameMode/]: Mismatch in destroy block pos: BlockPos{x=6736, y=56, z=-321} BlockPos{x=6736, y=57, z=-321}
[25May2025 00:02:34.061] [Server thread/INFO] [net.minecraft.server.MinecraftServer/]: blackdesfail has made the advancement [The Parrots and the Bats]
[25May2025 00:06:27.074] [Worker-Main-3/ERROR] [net.minecraft.world.entity.decoration.HangingEntity/]: Hanging entity at invalid position: BlockPos{x=278, y=-42, z=-77}
[25May2025 00:06:44.043] [Worker-Main-3/WARN] [net.minecraft.server.level.WorldGenRegion/]: Tried to access a block entity before it was created. BlockPos{x=6928, y=-1, z=-735}
[25May2025 00:06:44.144] [Worker-Main-3/WARN] [net.minecraft.server.level.WorldGenRegion/]: Tried to access a block entity before it was created. BlockPos{x=6928, y=-2, z=-739}
[25May2025 00:06:46.495] [Worker-Main-3/WARN] [net.minecraft.server.level.WorldGenRegion/]: Tried to access a block entity before it was created. BlockPos{x=6914, y=-25, z=-757}
[25May2025 00:06:47.611] [Worker-Main-2/WARN] [net.minecraft.server.level.WorldGenRegion/]: Tried to access a block entity before it was created. BlockPos{x=6923, y=-11, z=-779}
[25May2025 00:06:50.825] [Worker-Main-2/WARN] [net.minecraft.server.level.WorldGenRegion/]: Tried to access a block entity before it was created. BlockPos{x=6965, y=-2, z=-783}
[25May2025 00:06:50.825] [Worker-Main-2/WARN] [net.minecraft.server.level.WorldGenRegion/]: Tried to access a block entity before it was created. BlockPos{x=6960, y=-2, z=-783}
[25May2025 00:06:50.909] [Worker-Main-3/WARN] [net.minecraft.server.level.WorldGenRegion/]: Tried to access a block entity before it was created. BlockPos{x=6965, y=-2, z=-789}
[25May2025 00:07:39.711] [Server thread/INFO] [net.minecraft.world.entity.npc.Villager/]: Villager Villager['Villager'/17188, l='ServerLevel[madafaka]', x=2336.96, y=62.49, z=3430.07] died, message: 'Villager was slain by Drowned'
[25May2025 00:09:06.035] [Worker-Main-3/ERROR] [net.minecraft.world.entity.decoration.HangingEntity/]: Hanging entity at invalid position: BlockPos{x=61, y=-56, z=87}
[25May2025 00:09:06.036] [Worker-Main-3/ERROR] [net.minecraft.world.entity.decoration.HangingEntity/]: Hanging entity at invalid position: BlockPos{x=63, y=-56, z=89}
[25May2025 00:09:06.036] [Worker-Main-3/ERROR] [net.minecraft.world.entity.decoration.HangingEntity/]: Hanging entity at invalid position: BlockPos{x=64, y=-56, z=90}
[25May2025 00:09:06.036] [Worker-Main-3/ERROR] [net.minecraft.world.entity.decoration.HangingEntity/]: Hanging entity at invalid position: BlockPos{x=66, y=-56, z=92}
[25May2025 00:09:06.037] [Worker-Main-3/ERROR] [net.minecraft.world.entity.decoration.HangingEntity/]: Hanging entity at invalid position: BlockPos{x=68, y=-56, z=94}
[25May2025 00:09:06.037] [Worker-Main-3/ERROR] [net.minecraft.world.entity.decoration.HangingEntity/]: Hanging entity at invalid position: BlockPos{x=69, y=-56, z=98}
[25May2025 00:09:06.037] [Worker-Main-3/ERROR] [net.minecraft.world.entity.decoration.HangingEntity/]: Hanging entity at invalid position: BlockPos{x=70, y=-56, z=101}
[25May2025 00:09:06.038] [Worker-Main-3/ERROR] [net.minecraft.world.entity.decoration.HangingEntity/]: Hanging entity at invalid position: BlockPos{x=73, y=-56, z=102}
[25May2025 00:09:06.806] [Worker-Main-3/ERROR] [net.minecraft.world.entity.decoration.HangingEntity/]: Hanging entity at invalid position: BlockPos{x=77, y=-56, z=101}
[25May2025 00:09:07.037] [Worker-Main-1/ERROR] [net.minecraft.world.entity.decoration.HangingEntity/]: Hanging entity at invalid position: BlockPos{x=79, y=-56, z=103}
[25May2025 00:09:07.038] [Worker-Main-1/ERROR] [net.minecraft.world.entity.decoration.HangingEntity/]: Hanging entity at invalid position: BlockPos{x=80, y=-56, z=106}
[25May2025 00:09:07.039] [Worker-Main-1/ERROR] [net.minecraft.world.entity.decoration.HangingEntity/]: Hanging entity at invalid position: BlockPos{x=85, y=-56, z=107}
[25May2025 00:09:07.040] [Worker-Main-1/ERROR] [net.minecraft.world.entity.decoration.HangingEntity/]: Hanging entity at invalid position: BlockPos{x=85, y=-56, z=112}
[25May2025 00:09:07.040] [Worker-Main-1/ERROR] [net.minecraft.world.entity.decoration.HangingEntity/]: Hanging entity at invalid position: BlockPos{x=89, y=-56, z=115}
[25May2025 00:09:07.041] [Worker-Main-1/ERROR] [net.minecraft.world.entity.decoration.HangingEntity/]: Hanging entity at invalid position: BlockPos{x=90, y=-56, z=118}
[25May2025 00:09:17.961] [Server thread/INFO] [net.minecraft.world.entity.npc.Villager/]: Villager Villager['Villager'/17198, l='ServerLevel[madafaka]', x=2339.49, y=62.51, z=3436.09] died, message: 'Villager was slain by Drowned'
[25May2025 00:10:38.585] [Worker-Main-2/WARN] [net.minecraft.server.level.WorldGenRegion/]: Tried to access a block entity before it was created. BlockPos{x=8420, y=0, z=-383}
[25May2025 00:10:38.585] [Worker-Main-2/WARN] [net.minecraft.server.level.WorldGenRegion/]: Tried to access a block entity before it was created. BlockPos{x=8418, y=0, z=-372}
[25May2025 00:10:47.641] [Worker-Main-2/WARN] [net.minecraft.server.level.WorldGenRegion/]: Tried to access a block entity before it was created. BlockPos{x=8449, y=0, z=-378}
[25May2025 00:17:02.789] [Server thread/WARN] [net.minecraft.server.MinecraftServer/]: Can't keep up! Is the server overloaded? Running 13742ms or 274 ticks behind
[25May2025 00:21:52.504] [Worker-Main-2/ERROR] [net.minecraft.world.entity.decoration.HangingEntity/]: Hanging entity at invalid position: BlockPos{x=2, y=-56, z=-41}
[25May2025 00:21:52.505] [Worker-Main-2/ERROR] [net.minecraft.world.entity.decoration.HangingEntity/]: Hanging entity at invalid position: BlockPos{x=3, y=-56, z=-41}
[25May2025 00:23:11.165] [Server thread/INFO] [net.minecraft.server.MinecraftServer/]: blackdesfail has made the advancement [Smells Interesting]
[25May2025 00:24:42.756] [Worker-Main-2/ERROR] [net.minecraft.world.entity.decoration.HangingEntity/]: Hanging entity at invalid position: BlockPos{x=-23, y=-45, z=-412}
[25May2025 00:24:42.757] [Worker-Main-2/ERROR] [net.minecraft.world.entity.decoration.HangingEntity/]: Hanging entity at invalid position: BlockPos{x=-23, y=-45, z=-416}
[25May2025 00:24:45.671] [Server thread/INFO] [net.minecraft.server.MinecraftServer/]: KairosArch has made the advancement [You Are A Pirate]
[25May2025 00:26:34.193] [Server thread/WARN] [net.minecraft.server.MinecraftServer/]: Can't keep up! Is the server overloaded? Running 12847ms or 256 ticks behind
[25May2025 00:28:49.649] [Server thread/WARN] [net.minecraft.world.level.entity.PersistentEntitySectionManager/]: UUID of added entity already exists: Drowned['Drowned'/48257, l='ServerLevel[madafaka]', x=-843.50, y=47.00, z=-1420.50]
[25May2025 00:31:05.553] [Worker-Main-2/ERROR] [net.minecraft.world.entity.decoration.HangingEntity/]: Hanging entity at invalid position: BlockPos{x=8, y=-59, z=111}
[25May2025 00:31:05.554] [Worker-Main-2/ERROR] [net.minecraft.world.entity.decoration.HangingEntity/]: Hanging entity at invalid position: BlockPos{x=8, y=-59, z=115}
[25May2025 00:31:05.555] [Worker-Main-2/ERROR] [net.minecraft.world.entity.decoration.HangingEntity/]: Hanging entity at invalid position: BlockPos{x=8, y=-59, z=119}
[25May2025 00:31:05.555] [Worker-Main-2/ERROR] [net.minecraft.world.entity.decoration.HangingEntity/]: Hanging entity at invalid position: BlockPos{x=8, y=-59, z=123}
[25May2025 00:31:10.762] [Worker-Main-1/ERROR] [net.minecraft.world.entity.decoration.HangingEntity/]: Hanging entity at invalid position: BlockPos{x=8, y=-59, z=95}
[25May2025 00:31:10.762] [Worker-Main-1/ERROR] [net.minecraft.world.entity.decoration.HangingEntity/]: Hanging entity at invalid position: BlockPos{x=8, y=-59, z=99}
[25May2025 00:31:10.763] [Worker-Main-1/ERROR] [net.minecraft.world.entity.decoration.HangingEntity/]: Hanging entity at invalid position: BlockPos{x=8, y=-59, z=103}
[25May2025 00:31:10.763] [Worker-Main-1/ERROR] [net.minecraft.world.entity.decoration.HangingEntity/]: Hanging entity at invalid position: BlockPos{x=8, y=-59, z=107}
[25May2025 00:31:14.583] [Worker-Main-2/ERROR] [net.minecraft.world.entity.decoration.HangingEntity/]: Hanging entity at invalid position: BlockPos{x=8, y=-59, z=79}
[25May2025 00:31:14.584] [Worker-Main-2/ERROR] [net.minecraft.world.entity.decoration.HangingEntity/]: Hanging entity at invalid position: BlockPos{x=8, y=-59, z=83}
[25May2025 00:31:14.584] [Worker-Main-2/ERROR] [net.minecraft.world.entity.decoration.HangingEntity/]: Hanging entity at invalid position: BlockPos{x=8, y=-59, z=87}
[25May2025 00:31:14.584] [Worker-Main-2/ERROR] [net.minecraft.world.entity.decoration.HangingEntity/]: Hanging entity at invalid position: BlockPos{x=8, y=-59, z=91}
[25May2025 00:32:13.300] [Worker-Main-1/ERROR] [net.minecraft.world.entity.decoration.HangingEntity/]: Hanging entity at invalid position: BlockPos{x=49, y=-58, z=41}
[25May2025 00:33:02.256] [Worker-Main-1/ERROR] [net.minecraft.world.entity.decoration.HangingEntity/]: Hanging entity at invalid position: BlockPos{x=34, y=-58, z=50}
[25May2025 00:33:02.269] [Worker-Main-1/ERROR] [net.minecraft.world.entity.decoration.HangingEntity/]: Hanging entity at invalid position: BlockPos{x=47, y=-58, z=43}
[25May2025 00:33:02.269] [Worker-Main-1/ERROR] [net.minecraft.world.entity.decoration.HangingEntity/]: Hanging entity at invalid position: BlockPos{x=43, y=-58, z=45}
[25May2025 00:33:02.270] [Worker-Main-1/ERROR] [net.minecraft.world.entity.decoration.HangingEntity/]: Hanging entity at invalid position: BlockPos{x=41, y=-58, z=48}
[25May2025 00:33:02.270] [Worker-Main-1/ERROR] [net.minecraft.world.entity.decoration.HangingEntity/]: Hanging entity at invalid position: BlockPos{x=38, y=-58, z=49}
[25May2025 00:33:02.724] [Server thread/INFO] [net.minecraft.server.MinecraftServer/]: KairosArch has made the advancement [Rigged from the Start]
